<?xml version="1.0" encoding="UTF-8"?>
<testsuite xmlns:xsi="http://www.w3.org/2001/XMLSchema-instance" xsi:noNamespaceSchemaLocation="https://maven.apache.org/surefire/maven-surefire-plugin/xsd/surefire-test-report.xsd" version="3.0.2" name="com.teaching.testing.CalculatorTest" time="0.176" tests="27" errors="0" skipped="0" failures="0">
  <properties>
[...]
</properties>
  <testcase name="add_VariousInputs_ReturnsExpected(int, int, int)[1]" classname="com.teaching.testing.CalculatorTest" time="0.04">
    <system-out><![CDATA[    [@AfterEach] test finished
]]></system-out>
  </testcase>
  <testcase name="add_VariousInputs_ReturnsExpected(int, int, int)[2]" classname="com.teaching.testing.CalculatorTest" time="0.001">
    <system-out><![CDATA[    [@AfterEach] test finished
]]></system-out>
  </testcase>
  <testcase name="add_VariousInputs_ReturnsExpected(int, int, int)[3]" classname="com.teaching.testing.CalculatorTest" time="0.002">
    <system-out><![CDATA[    [@AfterEach] test finished
]]></system-out>
  </testcase>
  <testcase name="add_VariousInputs_ReturnsExpected(int, int, int)[4]" classname="com.teaching.testing.CalculatorTest" time="0.002">
    <system-out><![CDATA[    [@AfterEach] test finished
]]></system-out>
  </testcase>
  <testcase name="add_VariousInputs_ReturnsExpected(int, int, int)[5]" classname="com.teaching.testing.CalculatorTest" time="0.001">
    <system-out><![CDATA[    [@AfterEach] test finished
]]></system-out>
  </testcase>
  <testcase name="multiply_ByOne_ReturnsSameNumber(int)[1]" classname="com.teaching.testing.CalculatorTest" time="0.003">
    <system-out><![CDATA[    [@AfterEach] test finished
]]></system-out>
  </testcase>
  <testcase name="multiply_ByOne_ReturnsSameNumber(int)[2]" classname="com.teaching.testing.CalculatorTest" time="0.002">
    <system-out><![CDATA[    [@AfterEach] test finished
]]></system-out>
  </testcase>
  <testcase name="multiply_ByOne_ReturnsSameNumber(int)[3]" classname="com.teaching.testing.CalculatorTest" time="0.001">
    <system-out><![CDATA[    [@AfterEach] test finished
]]></system-out>
  </testcase>
  <testcase name="multiply_ByOne_ReturnsSameNumber(int)[4]" classname="com.teaching.testing.CalculatorTest" time="0.001">
    <system-out><![CDATA[    [@AfterEach] test finished
]]></system-out>
  </testcase>
  <testcase name="multiply_ByOne_ReturnsSameNumber(int)[5]" classname="com.teaching.testing.CalculatorTest" time="0.001">
    <system-out><![CDATA[    [@AfterEach] test finished
]]></system-out>
  </testcase>
  <testcase name="multiply_ByOne_ReturnsSameNumber(int)[6]" classname="com.teaching.testing.CalculatorTest" time="0.001">
    <system-out><![CDATA[    [@AfterEach] test finished
]]></system-out>
  </testcase>
  <testcase name="subtract_SmallerFromLarger_ReturnsNegative" classname="com.teaching.testing.CalculatorTest" time="0.002">
    <system-out><![CDATA[    [@AfterEach] test finished
]]></system-out>
  </testcase>
  <testcase name="subtract_BasicCase_ReturnsDifference" classname="com.teaching.testing.CalculatorTest" time="0.001">
    <system-out><![CDATA[    [@AfterEach] test finished
]]></system-out>
  </testcase>
  <testcase name="add_TwoPositives_ReturnsSum" classname="com.teaching.testing.CalculatorTest" time="0.001">
    <system-out><![CDATA[    [@AfterEach] test finished
]]></system-out>
  </testcase>
  <testcase name="divide_NonIntegerResult_ReturnsDouble" classname="com.teaching.testing.CalculatorTest" time="0.002">
    <system-out><![CDATA[    [@AfterEach] test finished
]]></system-out>
  </testcase>
  <testcase name="multiply_TwoPositives_ReturnsProduct" classname="com.teaching.testing.CalculatorTest" time="0.0">
    <system-out><![CDATA[    [@AfterEach] test finished
]]></system-out>
  </testcase>
  <testcase name="add_PositiveAndNegative_ReturnsCorrectSum" classname="com.teaching.testing.CalculatorTest" time="0.001">
    <system-out><![CDATA[    [@AfterEach] test finished
]]></system-out>
  </testcase>
  <testcase name="factorial_NegativeInput_ThrowsIllegalArgumentException" classname="com.teaching.testing.CalculatorTest" time="0.005">
    <system-out><![CDATA[    [@AfterEach] test finished
]]></system-out>
  </testcase>
  <testcase name="multiply_ByZero_ReturnsZero" classname="com.teaching.testing.CalculatorTest" time="0.001">
    <system-out><![CDATA[    [@AfterEach] test finished
]]></system-out>
  </testcase>
  <testcase name="add_Zero_ReturnsUnchangedValue" classname="com.teaching.testing.CalculatorTest" time="0.001">
    <system-out><![CDATA[    [@AfterEach] test finished
]]></system-out>
  </testcase>
  <testcase name="divide_ExactDivision_ReturnsQuotient" classname="com.teaching.testing.CalculatorTest" time="0.001">
    <system-out><![CDATA[    [@AfterEach] test finished
]]></system-out>
  </testcase>
  <testcase name="divide_ByZero_ThrowsArithmeticException" classname="com.teaching.testing.CalculatorTest" time="0.002">
    <system-out><![CDATA[    [@AfterEach] test finished
]]></system-out>
  </testcase>
  <testcase name="factorial_KnownValues_ReturnsExpected(int, long)[1]" classname="com.teaching.testing.CalculatorTest" time="0.004">
    <system-out><![CDATA[    [@AfterEach] test finished
]]></system-out>
  </testcase>
  <testcase name="factorial_KnownValues_ReturnsExpected(int, long)[2]" classname="com.teaching.testing.CalculatorTest" time="0.001">
    <system-out><![CDATA[    [@AfterEach] test finished
]]></system-out>
  </testcase>
  <testcase name="factorial_KnownValues_ReturnsExpected(int, long)[3]" classname="com.teaching.testing.CalculatorTest" time="0.001">
    <system-out><![CDATA[    [@AfterEach] test finished
]]></system-out>
  </testcase>
  <testcase name="factorial_KnownValues_ReturnsExpected(int, long)[4]" classname="com.teaching.testing.CalculatorTest" time="0.001">
    <system-out><![CDATA[    [@AfterEach] test finished
]]></system-out>
  </testcase>
  <testcase name="factorial_KnownValues_ReturnsExpected(int, long)[5]" classname="com.teaching.testing.CalculatorTest" time="0.001">
    <system-out><![CDATA[    [@AfterEach] test finished
]]></system-out>
  </testcase>
</testsuite>